2019-05-08 07:13:34.869  WARN 5222 --- [HikariPool-1 housekeeper] com.zaxxer.hikari.pool.HikariPool        : HikariPool-1 - Thread starvation or clock leap detected (housekeeper delta=11h14m46s675ms).
2019-05-08 08:31:59.805  WARN 5222 --- [HikariPool-1 housekeeper] com.zaxxer.hikari.pool.HikariPool        : HikariPool-1 - Thread starvation or clock leap detected (housekeeper delta=1h18m24s998ms).
2019-05-08 08:32:27.616  WARN 5222 --- [HikariPool-1 housekeeper] com.zaxxer.hikari.pool.HikariPool        : HikariPool-1 - Retrograde clock change detected (housekeeper delta=27s812ms), soft-evicting connections from pool.
2019-05-08 10:37:51.721 ERROR 5222 --- [http-nio-6920-exec-10] o.a.c.c.C.[.[.[/].[dispatcherServlet]    : Servlet.service() for servlet [dispatcherServlet] in context with path [] threw exception

com.gaonsoft.ims.security.jwt.InvalidJwtAuthenticationException: Expired or invalid JWT token
	at com.gaonsoft.ims.security.jwt.JwtTokenProvider.validateToken(JwtTokenProvider.java:93) ~[classes/:na]
	at com.gaonsoft.ims.security.jwt.JwtTokenFilter.doFilter(JwtTokenFilter.java:27) ~[classes/:na]
	at org.springframework.security.web.FilterChainProxy$VirtualFilterChain.doFilter(FilterChainProxy.java:334) ~[spring-security-web-5.1.4.RELEASE.jar:5.1.4.RELEASE]
	at org.springframework.security.web.authentication.logout.LogoutFilter.doFilter(LogoutFilter.java:116) ~[spring-security-web-5.1.4.RELEASE.jar:5.1.4.RELEASE]
	at org.springframework.security.web.FilterChainProxy$VirtualFilterChain.doFilter(FilterChainProxy.java:334) ~[spring-security-web-5.1.4.RELEASE.jar:5.1.4.RELEASE]
	at org.springframework.web.filter.CorsFilter.doFilterInternal(CorsFilter.java:96) ~[spring-web-5.1.5.RELEASE.jar:5.1.5.RELEASE]
	at org.springframework.web.filter.OncePerRequestFilter.doFilter(OncePerRequestFilter.java:107) ~[spring-web-5.1.5.RELEASE.jar:5.1.5.RELEASE]
	at org.springframework.security.web.FilterChainProxy$VirtualFilterChain.doFilter(FilterChainProxy.java:334) ~[spring-security-web-5.1.4.RELEASE.jar:5.1.4.RELEASE]
	at org.springframework.security.web.header.HeaderWriterFilter.doFilterInternal(HeaderWriterFilter.java:74) ~[spring-security-web-5.1.4.RELEASE.jar:5.1.4.RELEASE]
	at org.springframework.web.filter.OncePerRequestFilter.doFilter(OncePerRequestFilter.java:107) ~[spring-web-5.1.5.RELEASE.jar:5.1.5.RELEASE]
	at org.springframework.security.web.FilterChainProxy$VirtualFilterChain.doFilter(FilterChainProxy.java:334) ~[spring-security-web-5.1.4.RELEASE.jar:5.1.4.RELEASE]
	at org.springframework.security.web.context.SecurityContextPersistenceFilter.doFilter(SecurityContextPersistenceFilter.java:105) ~[spring-security-web-5.1.4.RELEASE.jar:5.1.4.RELEASE]
	at org.springframework.security.web.FilterChainProxy$VirtualFilterChain.doFilter(FilterChainProxy.java:334) ~[spring-security-web-5.1.4.RELEASE.jar:5.1.4.RELEASE]
	at org.springframework.security.web.context.request.async.WebAsyncManagerIntegrationFilter.doFilterInternal(WebAsyncManagerIntegrationFilter.java:56) ~[spring-security-web-5.1.4.RELEASE.jar:5.1.4.RELEASE]
	at org.springframework.web.filter.OncePerRequestFilter.doFilter(OncePerRequestFilter.java:107) ~[spring-web-5.1.5.RELEASE.jar:5.1.5.RELEASE]
	at org.springframework.security.web.FilterChainProxy$VirtualFilterChain.doFilter(FilterChainProxy.java:334) ~[spring-security-web-5.1.4.RELEASE.jar:5.1.4.RELEASE]
	at org.springframework.security.web.FilterChainProxy.doFilterInternal(FilterChainProxy.java:215) ~[spring-security-web-5.1.4.RELEASE.jar:5.1.4.RELEASE]
	at org.springframework.security.web.FilterChainProxy.doFilter(FilterChainProxy.java:178) ~[spring-security-web-5.1.4.RELEASE.jar:5.1.4.RELEASE]
	at org.springframework.web.filter.DelegatingFilterProxy.invokeDelegate(DelegatingFilterProxy.java:357) ~[spring-web-5.1.5.RELEASE.jar:5.1.5.RELEASE]
	at org.springframework.web.filter.DelegatingFilterProxy.doFilter(DelegatingFilterProxy.java:270) ~[spring-web-5.1.5.RELEASE.jar:5.1.5.RELEASE]
	at org.apache.catalina.core.ApplicationFilterChain.internalDoFilter(ApplicationFilterChain.java:193) ~[tomcat-embed-core-9.0.16.jar:9.0.16]
	at org.apache.catalina.core.ApplicationFilterChain.doFilter(ApplicationFilterChain.java:166) ~[tomcat-embed-core-9.0.16.jar:9.0.16]
	at org.springframework.web.filter.CharacterEncodingFilter.doFilterInternal(CharacterEncodingFilter.java:200) ~[spring-web-5.1.5.RELEASE.jar:5.1.5.RELEASE]
	at org.springframework.web.filter.OncePerRequestFilter.doFilter(OncePerRequestFilter.java:107) ~[spring-web-5.1.5.RELEASE.jar:5.1.5.RELEASE]
	at org.apache.catalina.core.ApplicationFilterChain.internalDoFilter(ApplicationFilterChain.java:193) ~[tomcat-embed-core-9.0.16.jar:9.0.16]
	at org.apache.catalina.core.ApplicationFilterChain.doFilter(ApplicationFilterChain.java:166) ~[tomcat-embed-core-9.0.16.jar:9.0.16]
	at org.apache.catalina.core.StandardWrapperValve.invoke(StandardWrapperValve.java:200) ~[tomcat-embed-core-9.0.16.jar:9.0.16]
	at org.apache.catalina.core.StandardContextValve.invoke(StandardContextValve.java:96) [tomcat-embed-core-9.0.16.jar:9.0.16]
	at org.apache.catalina.authenticator.AuthenticatorBase.invoke(AuthenticatorBase.java:490) [tomcat-embed-core-9.0.16.jar:9.0.16]
	at org.apache.catalina.core.StandardHostValve.invoke(StandardHostValve.java:139) [tomcat-embed-core-9.0.16.jar:9.0.16]
	at org.apache.catalina.valves.ErrorReportValve.invoke(ErrorReportValve.java:92) [tomcat-embed-core-9.0.16.jar:9.0.16]
	at org.apache.catalina.core.StandardEngineValve.invoke(StandardEngineValve.java:74) [tomcat-embed-core-9.0.16.jar:9.0.16]
	at org.apache.catalina.connector.CoyoteAdapter.service(CoyoteAdapter.java:343) [tomcat-embed-core-9.0.16.jar:9.0.16]
	at org.apache.coyote.http11.Http11Processor.service(Http11Processor.java:408) [tomcat-embed-core-9.0.16.jar:9.0.16]
	at org.apache.coyote.AbstractProcessorLight.process(AbstractProcessorLight.java:66) [tomcat-embed-core-9.0.16.jar:9.0.16]
	at org.apache.coyote.AbstractProtocol$ConnectionHandler.process(AbstractProtocol.java:834) [tomcat-embed-core-9.0.16.jar:9.0.16]
	at org.apache.tomcat.util.net.NioEndpoint$SocketProcessor.doRun(NioEndpoint.java:1415) [tomcat-embed-core-9.0.16.jar:9.0.16]
	at org.apache.tomcat.util.net.SocketProcessorBase.run(SocketProcessorBase.java:49) [tomcat-embed-core-9.0.16.jar:9.0.16]
	at java.util.concurrent.ThreadPoolExecutor.runWorker(ThreadPoolExecutor.java:1142) [na:1.8.0_72]
	at java.util.concurrent.ThreadPoolExecutor$Worker.run(ThreadPoolExecutor.java:617) [na:1.8.0_72]
	at org.apache.tomcat.util.threads.TaskThread$WrappingRunnable.run(TaskThread.java:61) [tomcat-embed-core-9.0.16.jar:9.0.16]
	at java.lang.Thread.run(Thread.java:745) [na:1.8.0_72]

2019-05-08 10:37:51.731 ERROR 5222 --- [http-nio-6920-exec-10] o.a.c.c.C.[.[.[/].[dispatcherServlet]    : Servlet.service() for servlet [dispatcherServlet] threw exception

com.gaonsoft.ims.security.jwt.InvalidJwtAuthenticationException: Expired or invalid JWT token
	at com.gaonsoft.ims.security.jwt.JwtTokenProvider.validateToken(JwtTokenProvider.java:93) ~[classes/:na]
	at com.gaonsoft.ims.security.jwt.JwtTokenFilter.doFilter(JwtTokenFilter.java:27) ~[classes/:na]
	at org.springframework.security.web.FilterChainProxy$VirtualFilterChain.doFilter(FilterChainProxy.java:334) ~[spring-security-web-5.1.4.RELEASE.jar:5.1.4.RELEASE]
	at org.springframework.security.web.authentication.logout.LogoutFilter.doFilter(LogoutFilter.java:116) ~[spring-security-web-5.1.4.RELEASE.jar:5.1.4.RELEASE]
	at org.springframework.security.web.FilterChainProxy$VirtualFilterChain.doFilter(FilterChainProxy.java:334) ~[spring-security-web-5.1.4.RELEASE.jar:5.1.4.RELEASE]
	at org.springframework.web.filter.OncePerRequestFilter.doFilter(OncePerRequestFilter.java:101) ~[spring-web-5.1.5.RELEASE.jar:5.1.5.RELEASE]
	at org.springframework.security.web.FilterChainProxy$VirtualFilterChain.doFilter(FilterChainProxy.java:334) ~[spring-security-web-5.1.4.RELEASE.jar:5.1.4.RELEASE]
	at org.springframework.web.filter.OncePerRequestFilter.doFilter(OncePerRequestFilter.java:101) ~[spring-web-5.1.5.RELEASE.jar:5.1.5.RELEASE]
	at org.springframework.security.web.FilterChainProxy$VirtualFilterChain.doFilter(FilterChainProxy.java:334) ~[spring-security-web-5.1.4.RELEASE.jar:5.1.4.RELEASE]
	at org.springframework.security.web.context.SecurityContextPersistenceFilter.doFilter(SecurityContextPersistenceFilter.java:105) ~[spring-security-web-5.1.4.RELEASE.jar:5.1.4.RELEASE]
	at org.springframework.security.web.FilterChainProxy$VirtualFilterChain.doFilter(FilterChainProxy.java:334) ~[spring-security-web-5.1.4.RELEASE.jar:5.1.4.RELEASE]
	at org.springframework.web.filter.OncePerRequestFilter.doFilter(OncePerRequestFilter.java:101) ~[spring-web-5.1.5.RELEASE.jar:5.1.5.RELEASE]
	at org.springframework.security.web.FilterChainProxy$VirtualFilterChain.doFilter(FilterChainProxy.java:334) ~[spring-security-web-5.1.4.RELEASE.jar:5.1.4.RELEASE]
	at org.springframework.security.web.FilterChainProxy.doFilterInternal(FilterChainProxy.java:215) ~[spring-security-web-5.1.4.RELEASE.jar:5.1.4.RELEASE]
	at org.springframework.security.web.FilterChainProxy.doFilter(FilterChainProxy.java:178) ~[spring-security-web-5.1.4.RELEASE.jar:5.1.4.RELEASE]
	at org.springframework.web.filter.DelegatingFilterProxy.invokeDelegate(DelegatingFilterProxy.java:357) ~[spring-web-5.1.5.RELEASE.jar:5.1.5.RELEASE]
	at org.springframework.web.filter.DelegatingFilterProxy.doFilter(DelegatingFilterProxy.java:270) ~[spring-web-5.1.5.RELEASE.jar:5.1.5.RELEASE]
	at org.apache.catalina.core.ApplicationFilterChain.internalDoFilter(ApplicationFilterChain.java:193) ~[tomcat-embed-core-9.0.16.jar:9.0.16]
	at org.apache.catalina.core.ApplicationFilterChain.doFilter(ApplicationFilterChain.java:166) ~[tomcat-embed-core-9.0.16.jar:9.0.16]
	at org.apache.catalina.core.ApplicationDispatcher.invoke(ApplicationDispatcher.java:712) [tomcat-embed-core-9.0.16.jar:9.0.16]
	at org.apache.catalina.core.ApplicationDispatcher.processRequest(ApplicationDispatcher.java:461) [tomcat-embed-core-9.0.16.jar:9.0.16]
	at org.apache.catalina.core.ApplicationDispatcher.doForward(ApplicationDispatcher.java:384) [tomcat-embed-core-9.0.16.jar:9.0.16]
	at org.apache.catalina.core.ApplicationDispatcher.forward(ApplicationDispatcher.java:312) [tomcat-embed-core-9.0.16.jar:9.0.16]
	at org.apache.catalina.core.StandardHostValve.custom(StandardHostValve.java:394) [tomcat-embed-core-9.0.16.jar:9.0.16]
	at org.apache.catalina.core.StandardHostValve.status(StandardHostValve.java:253) [tomcat-embed-core-9.0.16.jar:9.0.16]
	at org.apache.catalina.core.StandardHostValve.throwable(StandardHostValve.java:348) [tomcat-embed-core-9.0.16.jar:9.0.16]
	at org.apache.catalina.core.StandardHostValve.invoke(StandardHostValve.java:173) [tomcat-embed-core-9.0.16.jar:9.0.16]
	at org.apache.catalina.valves.ErrorReportValve.invoke(ErrorReportValve.java:92) [tomcat-embed-core-9.0.16.jar:9.0.16]
	at org.apache.catalina.core.StandardEngineValve.invoke(StandardEngineValve.java:74) [tomcat-embed-core-9.0.16.jar:9.0.16]
	at org.apache.catalina.connector.CoyoteAdapter.service(CoyoteAdapter.java:343) [tomcat-embed-core-9.0.16.jar:9.0.16]
	at org.apache.coyote.http11.Http11Processor.service(Http11Processor.java:408) [tomcat-embed-core-9.0.16.jar:9.0.16]
	at org.apache.coyote.AbstractProcessorLight.process(AbstractProcessorLight.java:66) [tomcat-embed-core-9.0.16.jar:9.0.16]
	at org.apache.coyote.AbstractProtocol$ConnectionHandler.process(AbstractProtocol.java:834) [tomcat-embed-core-9.0.16.jar:9.0.16]
	at org.apache.tomcat.util.net.NioEndpoint$SocketProcessor.doRun(NioEndpoint.java:1415) [tomcat-embed-core-9.0.16.jar:9.0.16]
	at org.apache.tomcat.util.net.SocketProcessorBase.run(SocketProcessorBase.java:49) [tomcat-embed-core-9.0.16.jar:9.0.16]
	at java.util.concurrent.ThreadPoolExecutor.runWorker(ThreadPoolExecutor.java:1142) [na:1.8.0_72]
	at java.util.concurrent.ThreadPoolExecutor$Worker.run(ThreadPoolExecutor.java:617) [na:1.8.0_72]
	at org.apache.tomcat.util.threads.TaskThread$WrappingRunnable.run(TaskThread.java:61) [tomcat-embed-core-9.0.16.jar:9.0.16]
	at java.lang.Thread.run(Thread.java:745) [na:1.8.0_72]

2019-05-08 10:37:51.734 ERROR 5222 --- [http-nio-6920-exec-10] o.a.c.c.C.[Tomcat].[localhost]           : Exception Processing ErrorPage[errorCode=0, location=/error]

com.gaonsoft.ims.security.jwt.InvalidJwtAuthenticationException: Expired or invalid JWT token
	at com.gaonsoft.ims.security.jwt.JwtTokenProvider.validateToken(JwtTokenProvider.java:93) ~[classes/:na]
	at com.gaonsoft.ims.security.jwt.JwtTokenFilter.doFilter(JwtTokenFilter.java:27) ~[classes/:na]
	at org.springframework.security.web.FilterChainProxy$VirtualFilterChain.doFilter(FilterChainProxy.java:334) ~[spring-security-web-5.1.4.RELEASE.jar:5.1.4.RELEASE]
	at org.springframework.security.web.authentication.logout.LogoutFilter.doFilter(LogoutFilter.java:116) ~[spring-security-web-5.1.4.RELEASE.jar:5.1.4.RELEASE]
	at org.springframework.security.web.FilterChainProxy$VirtualFilterChain.doFilter(FilterChainProxy.java:334) ~[spring-security-web-5.1.4.RELEASE.jar:5.1.4.RELEASE]
	at org.springframework.web.filter.OncePerRequestFilter.doFilter(OncePerRequestFilter.java:101) ~[spring-web-5.1.5.RELEASE.jar:5.1.5.RELEASE]
	at org.springframework.security.web.FilterChainProxy$VirtualFilterChain.doFilter(FilterChainProxy.java:334) ~[spring-security-web-5.1.4.RELEASE.jar:5.1.4.RELEASE]
	at org.springframework.web.filter.OncePerRequestFilter.doFilter(OncePerRequestFilter.java:101) ~[spring-web-5.1.5.RELEASE.jar:5.1.5.RELEASE]
	at org.springframework.security.web.FilterChainProxy$VirtualFilterChain.doFilter(FilterChainProxy.java:334) ~[spring-security-web-5.1.4.RELEASE.jar:5.1.4.RELEASE]
	at org.springframework.security.web.context.SecurityContextPersistenceFilter.doFilter(SecurityContextPersistenceFilter.java:105) ~[spring-security-web-5.1.4.RELEASE.jar:5.1.4.RELEASE]
	at org.springframework.security.web.FilterChainProxy$VirtualFilterChain.doFilter(FilterChainProxy.java:334) ~[spring-security-web-5.1.4.RELEASE.jar:5.1.4.RELEASE]
	at org.springframework.web.filter.OncePerRequestFilter.doFilter(OncePerRequestFilter.java:101) ~[spring-web-5.1.5.RELEASE.jar:5.1.5.RELEASE]
	at org.springframework.security.web.FilterChainProxy$VirtualFilterChain.doFilter(FilterChainProxy.java:334) ~[spring-security-web-5.1.4.RELEASE.jar:5.1.4.RELEASE]
	at org.springframework.security.web.FilterChainProxy.doFilterInternal(FilterChainProxy.java:215) ~[spring-security-web-5.1.4.RELEASE.jar:5.1.4.RELEASE]
	at org.springframework.security.web.FilterChainProxy.doFilter(FilterChainProxy.java:178) ~[spring-security-web-5.1.4.RELEASE.jar:5.1.4.RELEASE]
	at org.springframework.web.filter.DelegatingFilterProxy.invokeDelegate(DelegatingFilterProxy.java:357) ~[spring-web-5.1.5.RELEASE.jar:5.1.5.RELEASE]
	at org.springframework.web.filter.DelegatingFilterProxy.doFilter(DelegatingFilterProxy.java:270) ~[spring-web-5.1.5.RELEASE.jar:5.1.5.RELEASE]
	at org.apache.catalina.core.ApplicationFilterChain.internalDoFilter(ApplicationFilterChain.java:193) ~[tomcat-embed-core-9.0.16.jar:9.0.16]
	at org.apache.catalina.core.ApplicationFilterChain.doFilter(ApplicationFilterChain.java:166) ~[tomcat-embed-core-9.0.16.jar:9.0.16]
	at org.apache.catalina.core.ApplicationDispatcher.invoke(ApplicationDispatcher.java:712) ~[tomcat-embed-core-9.0.16.jar:9.0.16]
	at org.apache.catalina.core.ApplicationDispatcher.processRequest(ApplicationDispatcher.java:461) ~[tomcat-embed-core-9.0.16.jar:9.0.16]
	at org.apache.catalina.core.ApplicationDispatcher.doForward(ApplicationDispatcher.java:384) ~[tomcat-embed-core-9.0.16.jar:9.0.16]
	at org.apache.catalina.core.ApplicationDispatcher.forward(ApplicationDispatcher.java:312) ~[tomcat-embed-core-9.0.16.jar:9.0.16]
	at org.apache.catalina.core.StandardHostValve.custom(StandardHostValve.java:394) [tomcat-embed-core-9.0.16.jar:9.0.16]
	at org.apache.catalina.core.StandardHostValve.status(StandardHostValve.java:253) [tomcat-embed-core-9.0.16.jar:9.0.16]
	at org.apache.catalina.core.StandardHostValve.throwable(StandardHostValve.java:348) [tomcat-embed-core-9.0.16.jar:9.0.16]
	at org.apache.catalina.core.StandardHostValve.invoke(StandardHostValve.java:173) [tomcat-embed-core-9.0.16.jar:9.0.16]
	at org.apache.catalina.valves.ErrorReportValve.invoke(ErrorReportValve.java:92) [tomcat-embed-core-9.0.16.jar:9.0.16]
	at org.apache.catalina.core.StandardEngineValve.invoke(StandardEngineValve.java:74) [tomcat-embed-core-9.0.16.jar:9.0.16]
	at org.apache.catalina.connector.CoyoteAdapter.service(CoyoteAdapter.java:343) [tomcat-embed-core-9.0.16.jar:9.0.16]
	at org.apache.coyote.http11.Http11Processor.service(Http11Processor.java:408) [tomcat-embed-core-9.0.16.jar:9.0.16]
	at org.apache.coyote.AbstractProcessorLight.process(AbstractProcessorLight.java:66) [tomcat-embed-core-9.0.16.jar:9.0.16]
	at org.apache.coyote.AbstractProtocol$ConnectionHandler.process(AbstractProtocol.java:834) [tomcat-embed-core-9.0.16.jar:9.0.16]
	at org.apache.tomcat.util.net.NioEndpoint$SocketProcessor.doRun(NioEndpoint.java:1415) [tomcat-embed-core-9.0.16.jar:9.0.16]
	at org.apache.tomcat.util.net.SocketProcessorBase.run(SocketProcessorBase.java:49) [tomcat-embed-core-9.0.16.jar:9.0.16]
	at java.util.concurrent.ThreadPoolExecutor.runWorker(ThreadPoolExecutor.java:1142) [na:1.8.0_72]
	at java.util.concurrent.ThreadPoolExecutor$Worker.run(ThreadPoolExecutor.java:617) [na:1.8.0_72]
	at org.apache.tomcat.util.threads.TaskThread$WrappingRunnable.run(TaskThread.java:61) [tomcat-embed-core-9.0.16.jar:9.0.16]
	at java.lang.Thread.run(Thread.java:745) [na:1.8.0_72]

2019-05-08 10:39:02.849 DEBUG 5222 --- [http-nio-6920-exec-2] jdbc.sqltiming                           :  com.zaxxer.hikari.pool.ProxyPreparedStatement.execute(ProxyPreparedStatement.java:44)
61. SELECT 
			id as userId
			, login as username
			, hashed_password as password
			, firstname
			, lastname
			, admin
			, salt
		FROM users
		 WHERE login = 'admin'
 {executed in 3 msec}
2019-05-08 10:39:02.855 DEBUG 5222 --- [http-nio-6920-exec-2] jdbc.sqltiming                           :  com.zaxxer.hikari.pool.ProxyPreparedStatement.execute(ProxyPreparedStatement.java:44)
61. SELECT 
			id as userId
			, login as username
			, hashed_password as password
			, firstname
			, lastname
			, admin
			, salt
		FROM users
		 WHERE login = 'admin'
 {executed in 2 msec}
2019-05-08 10:39:03.007 DEBUG 5222 --- [http-nio-6920-exec-3] jdbc.sqltiming                           :  com.zaxxer.hikari.pool.ProxyPreparedStatement.execute(ProxyPreparedStatement.java:44)
61. SELECT 
			id as userId
			, login as username
			, hashed_password as password
			, firstname
			, lastname
			, admin
			, salt
		FROM users
		 WHERE login = 'admin'
 {executed in 2 msec}
2019-05-08 10:39:03.012 DEBUG 5222 --- [http-nio-6920-exec-3] jdbc.sqltiming                           :  com.zaxxer.hikari.pool.ProxyPreparedStatement.execute(ProxyPreparedStatement.java:44)
61. SELECT 
			id
			, name
			, description
		FROM projects
		ORDER BY name
 {executed in 2 msec}
2019-05-08 10:39:03.037 DEBUG 5222 --- [http-nio-6920-exec-5] jdbc.sqltiming                           :  com.zaxxer.hikari.pool.ProxyPreparedStatement.execute(ProxyPreparedStatement.java:44)
61. SELECT 
			id as userId
			, login as username
			, hashed_password as password
			, firstname
			, lastname
			, admin
			, salt
		FROM users
		 WHERE login = 'admin'
 {executed in 2 msec}
2019-05-08 10:39:03.042 DEBUG 5222 --- [http-nio-6920-exec-5] jdbc.sqltiming                           :  com.zaxxer.hikari.pool.ProxyPreparedStatement.execute(ProxyPreparedStatement.java:44)
61. SELECT 
			id
			, project_id
			, name
			, description
		FROM versions
		WHERE project_id = 5
			AND status = 'open'
 {executed in 2 msec}
2019-05-08 10:39:04.533 DEBUG 5222 --- [http-nio-6920-exec-7] jdbc.sqltiming                           :  com.zaxxer.hikari.pool.ProxyPreparedStatement.execute(ProxyPreparedStatement.java:44)
61. SELECT 
			id as userId
			, login as username
			, hashed_password as password
			, firstname
			, lastname
			, admin
			, salt
		FROM users
		 WHERE login = 'admin'
 {executed in 2 msec}
2019-05-08 10:39:04.556 DEBUG 5222 --- [http-nio-6920-exec-7] jdbc.sqltiming                           :  com.zaxxer.hikari.pool.ProxyPreparedStatement.execute(ProxyPreparedStatement.java:44)
61. SELECT 
			A.id
			, A.tracker_id
			, TRK.name AS tracker_name
			, A.project_id
			, PRJ.name AS project_name
			, A.subject
			, A.description
			, A.fixed_version_id
			, VER.name AS fixed_version_name
			, A.status_id
			, STA.name AS status_name
			, A.author_id
			, ATH.lastname AS author_lastname
			, ATH.firstname AS author_firstname
			, CONCAT(ATH.lastname, ATH.firstname) AS author_fullname
			, ATH.login AS author_login
			, A.assigned_to_id
			, ASS.lastname AS assigned_lastname
			, ASS.firstname AS assigned_firstname
			, CONCAT(ASS.lastname, ASS.firstname) AS assigned_fullname 
			, ASS.login AS assigned_login
			, A.priority_id
			, PRI.name AS priority_name
			, A.done_ratio
			, A.start_date
			, A.due_date
			, DATE_FORMAT(A.start_date, '%Y%m%d') AS start_date_str
			, DATE_FORMAT(A.due_date, '%Y%m%d') AS due_date_str
			, BIZ.value AS biz_module
			, REQ.value AS requester_name
			, A.created_on
		FROM issues A
		INNER JOIN trackers TRK ON TRK.id = A.tracker_id
		INNER JOIN projects PRJ ON PRJ.id = A.project_id
		INNER JOIN versions VER ON VER.id = A.fixed_version_id
		INNER JOIN issue_statuses STA ON STA.id = A.status_id 
		INNER JOIN enumerations PRI ON PRI.id = A.priority_id AND PRI.type = 'issuePriority' 
		INNER JOIN users ATH ON ATH.id = A.author_id
		LEFT JOIN users ASS ON ASS.id = A.assigned_to_id
		LEFT JOIN custom_values BIZ ON BIZ.customized_id = A.id AND BIZ.custom_field_id = 1
		LEFT JOIN custom_values REQ ON REQ.customized_id = A.id AND REQ.custom_field_id = 2
		 WHERE  A.fixed_version_id = 3
			AND A.project_id = 5 
		ORDER BY A.id DESC
 {executed in 20 msec}
2019-05-08 11:06:15.698  INFO 20787 --- [main] com.gaonsoft.ims.DemoApplicationTests    : Starting DemoApplicationTests on WoonSungui-MacBook-Pro.local with PID 20787 (started by woonsungbaek in /Users/woonsungbaek/git/ims/ims-api)
2019-05-08 11:06:15.699  INFO 20787 --- [main] com.gaonsoft.ims.DemoApplicationTests    : The following profiles are active: dev
2019-05-08 11:06:17.438  INFO 20787 --- [main] trationDelegate$BeanPostProcessorChecker : Bean 'org.springframework.ws.config.annotation.DelegatingWsConfiguration' of type [org.springframework.ws.config.annotation.DelegatingWsConfiguration$$EnhancerBySpringCGLIB$$8aa4c866] is not eligible for getting processed by all BeanPostProcessors (for example: not eligible for auto-proxying)
2019-05-08 11:06:17.503  INFO 20787 --- [main] .w.s.a.s.AnnotationActionEndpointMapping : Supporting [WS-Addressing August 2004, WS-Addressing 1.0]
2019-05-08 11:06:17.519  INFO 20787 --- [main] trationDelegate$BeanPostProcessorChecker : Bean 'org.springframework.transaction.annotation.ProxyTransactionManagementConfiguration' of type [org.springframework.transaction.annotation.ProxyTransactionManagementConfiguration$$EnhancerBySpringCGLIB$$e60d0367] is not eligible for getting processed by all BeanPostProcessors (for example: not eligible for auto-proxying)
2019-05-08 11:06:17.561  INFO 20787 --- [main] trationDelegate$BeanPostProcessorChecker : Bean 'org.springframework.hateoas.config.HateoasConfiguration' of type [org.springframework.hateoas.config.HateoasConfiguration$$EnhancerBySpringCGLIB$$658d5099] is not eligible for getting processed by all BeanPostProcessors (for example: not eligible for auto-proxying)
2019-05-08 11:06:19.756  INFO 20787 --- [main] o.s.s.web.DefaultSecurityFilterChain     : Creating filter chain: Ant [pattern='/resources/**'], []
2019-05-08 11:06:19.756  INFO 20787 --- [main] o.s.s.web.DefaultSecurityFilterChain     : Creating filter chain: Ant [pattern='/v2/api-docs'], []
2019-05-08 11:06:19.756  INFO 20787 --- [main] o.s.s.web.DefaultSecurityFilterChain     : Creating filter chain: Ant [pattern='/configuration/ui'], []
2019-05-08 11:06:19.756  INFO 20787 --- [main] o.s.s.web.DefaultSecurityFilterChain     : Creating filter chain: Ant [pattern='/swagger-resources/**'], []
2019-05-08 11:06:19.756  INFO 20787 --- [main] o.s.s.web.DefaultSecurityFilterChain     : Creating filter chain: Ant [pattern='/configuration/**'], []
2019-05-08 11:06:19.756  INFO 20787 --- [main] o.s.s.web.DefaultSecurityFilterChain     : Creating filter chain: Ant [pattern='/swagger-ui.html'], []
2019-05-08 11:06:19.757  INFO 20787 --- [main] o.s.s.web.DefaultSecurityFilterChain     : Creating filter chain: Ant [pattern='/webjars/**'], []
2019-05-08 11:06:19.837  INFO 20787 --- [main] o.s.s.web.DefaultSecurityFilterChain     : Creating filter chain: any request, [org.springframework.security.web.context.request.async.WebAsyncManagerIntegrationFilter@4981d95b, org.springframework.security.web.context.SecurityContextPersistenceFilter@231cdda8, org.springframework.security.web.header.HeaderWriterFilter@6459f4ea, org.springframework.web.filter.CorsFilter@656842bc, org.springframework.security.web.authentication.logout.LogoutFilter@448462f0, com.gaonsoft.ims.security.jwt.JwtTokenFilter@6b867ee7, org.springframework.security.web.savedrequest.RequestCacheAwareFilter@3002e397, org.springframework.security.web.servletapi.SecurityContextHolderAwareRequestFilter@7a0ab480, org.springframework.security.web.authentication.AnonymousAuthenticationFilter@3dec3f87, org.springframework.security.web.session.SessionManagementFilter@6ac45c0c, org.springframework.security.web.access.ExceptionTranslationFilter@3f6cce7f, org.springframework.security.web.access.intercept.FilterSecurityInterceptor@66e341e9]
2019-05-08 11:06:20.039  INFO 20787 --- [main] d.s.w.p.DocumentationPluginsBootstrapper : Context refreshed
2019-05-08 11:06:20.066  INFO 20787 --- [main] d.s.w.p.DocumentationPluginsBootstrapper : Found 1 custom documentation plugin(s)
2019-05-08 11:06:20.080  INFO 20787 --- [main] s.d.s.w.s.ApiListingReferenceScanner     : Scanning for api listing references
2019-05-08 11:06:20.282  INFO 20787 --- [main] com.gaonsoft.ims.DemoApplicationTests    : Started DemoApplicationTests in 4.962 seconds (JVM running for 5.818)
2019-05-08 11:07:36.659  INFO 20934 --- [main] com.gaonsoft.ims.DemoApplicationTests    : Starting DemoApplicationTests on WoonSungui-MacBook-Pro.local with PID 20934 (started by woonsungbaek in /Users/woonsungbaek/git/ims/ims-api)
2019-05-08 11:07:36.660  INFO 20934 --- [main] com.gaonsoft.ims.DemoApplicationTests    : The following profiles are active: dev
2019-05-08 11:07:38.028  INFO 20934 --- [main] trationDelegate$BeanPostProcessorChecker : Bean 'org.springframework.ws.config.annotation.DelegatingWsConfiguration' of type [org.springframework.ws.config.annotation.DelegatingWsConfiguration$$EnhancerBySpringCGLIB$$241984ae] is not eligible for getting processed by all BeanPostProcessors (for example: not eligible for auto-proxying)
2019-05-08 11:07:38.071  INFO 20934 --- [main] .w.s.a.s.AnnotationActionEndpointMapping : Supporting [WS-Addressing August 2004, WS-Addressing 1.0]
2019-05-08 11:07:38.095  INFO 20934 --- [main] trationDelegate$BeanPostProcessorChecker : Bean 'org.springframework.transaction.annotation.ProxyTransactionManagementConfiguration' of type [org.springframework.transaction.annotation.ProxyTransactionManagementConfiguration$$EnhancerBySpringCGLIB$$7f81bfaf] is not eligible for getting processed by all BeanPostProcessors (for example: not eligible for auto-proxying)
2019-05-08 11:07:38.141  INFO 20934 --- [main] trationDelegate$BeanPostProcessorChecker : Bean 'org.springframework.hateoas.config.HateoasConfiguration' of type [org.springframework.hateoas.config.HateoasConfiguration$$EnhancerBySpringCGLIB$$ff020ce1] is not eligible for getting processed by all BeanPostProcessors (for example: not eligible for auto-proxying)
2019-05-08 11:07:40.191  INFO 20934 --- [main] o.s.s.web.DefaultSecurityFilterChain     : Creating filter chain: Ant [pattern='/resources/**'], []
2019-05-08 11:07:40.191  INFO 20934 --- [main] o.s.s.web.DefaultSecurityFilterChain     : Creating filter chain: Ant [pattern='/v2/api-docs'], []
2019-05-08 11:07:40.191  INFO 20934 --- [main] o.s.s.web.DefaultSecurityFilterChain     : Creating filter chain: Ant [pattern='/configuration/ui'], []
2019-05-08 11:07:40.191  INFO 20934 --- [main] o.s.s.web.DefaultSecurityFilterChain     : Creating filter chain: Ant [pattern='/swagger-resources/**'], []
2019-05-08 11:07:40.192  INFO 20934 --- [main] o.s.s.web.DefaultSecurityFilterChain     : Creating filter chain: Ant [pattern='/configuration/**'], []
2019-05-08 11:07:40.192  INFO 20934 --- [main] o.s.s.web.DefaultSecurityFilterChain     : Creating filter chain: Ant [pattern='/swagger-ui.html'], []
2019-05-08 11:07:40.192  INFO 20934 --- [main] o.s.s.web.DefaultSecurityFilterChain     : Creating filter chain: Ant [pattern='/webjars/**'], []
2019-05-08 11:07:40.270  INFO 20934 --- [main] o.s.s.web.DefaultSecurityFilterChain     : Creating filter chain: any request, [org.springframework.security.web.context.request.async.WebAsyncManagerIntegrationFilter@3bbf1c0d, org.springframework.security.web.context.SecurityContextPersistenceFilter@52354202, org.springframework.security.web.header.HeaderWriterFilter@43d76a92, org.springframework.web.filter.CorsFilter@19662208, org.springframework.security.web.authentication.logout.LogoutFilter@2bec068b, com.gaonsoft.ims.security.jwt.JwtTokenFilter@216c22ce, org.springframework.security.web.savedrequest.RequestCacheAwareFilter@342ee097, org.springframework.security.web.servletapi.SecurityContextHolderAwareRequestFilter@7da1e005, org.springframework.security.web.authentication.AnonymousAuthenticationFilter@62f9c790, org.springframework.security.web.session.SessionManagementFilter@476fde05, org.springframework.security.web.access.ExceptionTranslationFilter@53314f76, org.springframework.security.web.access.intercept.FilterSecurityInterceptor@682e422c]
2019-05-08 11:07:40.430  INFO 20934 --- [main] d.s.w.p.DocumentationPluginsBootstrapper : Context refreshed
2019-05-08 11:07:40.453  INFO 20934 --- [main] d.s.w.p.DocumentationPluginsBootstrapper : Found 1 custom documentation plugin(s)
2019-05-08 11:07:40.473  INFO 20934 --- [main] s.d.s.w.s.ApiListingReferenceScanner     : Scanning for api listing references
2019-05-08 11:07:40.681  INFO 20934 --- [main] com.gaonsoft.ims.DemoApplicationTests    : Started DemoApplicationTests in 4.333 seconds (JVM running for 5.022)
2019-05-08 11:08:54.134  INFO 21134 --- [main] com.gaonsoft.ims.DemoApplicationTests    : Starting DemoApplicationTests on WoonSungui-MacBook-Pro.local with PID 21134 (started by woonsungbaek in /Users/woonsungbaek/git/ims/ims-api)
2019-05-08 11:08:54.135  INFO 21134 --- [main] com.gaonsoft.ims.DemoApplicationTests    : The following profiles are active: dev
2019-05-08 11:08:55.434  INFO 21134 --- [main] trationDelegate$BeanPostProcessorChecker : Bean 'org.springframework.ws.config.annotation.DelegatingWsConfiguration' of type [org.springframework.ws.config.annotation.DelegatingWsConfiguration$$EnhancerBySpringCGLIB$$241984ae] is not eligible for getting processed by all BeanPostProcessors (for example: not eligible for auto-proxying)
2019-05-08 11:08:55.479  INFO 21134 --- [main] .w.s.a.s.AnnotationActionEndpointMapping : Supporting [WS-Addressing August 2004, WS-Addressing 1.0]
2019-05-08 11:08:55.499  INFO 21134 --- [main] trationDelegate$BeanPostProcessorChecker : Bean 'org.springframework.transaction.annotation.ProxyTransactionManagementConfiguration' of type [org.springframework.transaction.annotation.ProxyTransactionManagementConfiguration$$EnhancerBySpringCGLIB$$7f81bfaf] is not eligible for getting processed by all BeanPostProcessors (for example: not eligible for auto-proxying)
2019-05-08 11:08:55.536  INFO 21134 --- [main] trationDelegate$BeanPostProcessorChecker : Bean 'org.springframework.hateoas.config.HateoasConfiguration' of type [org.springframework.hateoas.config.HateoasConfiguration$$EnhancerBySpringCGLIB$$ff020ce1] is not eligible for getting processed by all BeanPostProcessors (for example: not eligible for auto-proxying)
2019-05-08 11:08:57.548  INFO 21134 --- [main] o.s.s.web.DefaultSecurityFilterChain     : Creating filter chain: Ant [pattern='/resources/**'], []
2019-05-08 11:08:57.549  INFO 21134 --- [main] o.s.s.web.DefaultSecurityFilterChain     : Creating filter chain: Ant [pattern='/v2/api-docs'], []
2019-05-08 11:08:57.549  INFO 21134 --- [main] o.s.s.web.DefaultSecurityFilterChain     : Creating filter chain: Ant [pattern='/configuration/ui'], []
2019-05-08 11:08:57.549  INFO 21134 --- [main] o.s.s.web.DefaultSecurityFilterChain     : Creating filter chain: Ant [pattern='/swagger-resources/**'], []
2019-05-08 11:08:57.549  INFO 21134 --- [main] o.s.s.web.DefaultSecurityFilterChain     : Creating filter chain: Ant [pattern='/configuration/**'], []
2019-05-08 11:08:57.549  INFO 21134 --- [main] o.s.s.web.DefaultSecurityFilterChain     : Creating filter chain: Ant [pattern='/swagger-ui.html'], []
2019-05-08 11:08:57.550  INFO 21134 --- [main] o.s.s.web.DefaultSecurityFilterChain     : Creating filter chain: Ant [pattern='/webjars/**'], []
2019-05-08 11:08:57.630  INFO 21134 --- [main] o.s.s.web.DefaultSecurityFilterChain     : Creating filter chain: any request, [org.springframework.security.web.context.request.async.WebAsyncManagerIntegrationFilter@3bbf1c0d, org.springframework.security.web.context.SecurityContextPersistenceFilter@52354202, org.springframework.security.web.header.HeaderWriterFilter@43d76a92, org.springframework.web.filter.CorsFilter@19662208, org.springframework.security.web.authentication.logout.LogoutFilter@2bec068b, com.gaonsoft.ims.security.jwt.JwtTokenFilter@216c22ce, org.springframework.security.web.savedrequest.RequestCacheAwareFilter@342ee097, org.springframework.security.web.servletapi.SecurityContextHolderAwareRequestFilter@7da1e005, org.springframework.security.web.authentication.AnonymousAuthenticationFilter@62f9c790, org.springframework.security.web.session.SessionManagementFilter@476fde05, org.springframework.security.web.access.ExceptionTranslationFilter@53314f76, org.springframework.security.web.access.intercept.FilterSecurityInterceptor@682e422c]
2019-05-08 11:08:57.794  INFO 21134 --- [main] d.s.w.p.DocumentationPluginsBootstrapper : Context refreshed
2019-05-08 11:08:57.816  INFO 21134 --- [main] d.s.w.p.DocumentationPluginsBootstrapper : Found 1 custom documentation plugin(s)
2019-05-08 11:08:57.835  INFO 21134 --- [main] s.d.s.w.s.ApiListingReferenceScanner     : Scanning for api listing references
2019-05-08 11:08:58.007  INFO 21134 --- [main] com.gaonsoft.ims.DemoApplicationTests    : Started DemoApplicationTests in 4.212 seconds (JVM running for 4.929)
2019-05-08 11:15:57.228  INFO 21895 --- [main] com.gaonsoft.ims.DemoApplicationTests    : Starting DemoApplicationTests on WoonSungui-MacBook-Pro.local with PID 21895 (started by woonsungbaek in /Users/woonsungbaek/git/ims/ims-api)
2019-05-08 11:15:57.229  INFO 21895 --- [main] com.gaonsoft.ims.DemoApplicationTests    : The following profiles are active: dev
2019-05-08 11:15:58.537  INFO 21895 --- [main] trationDelegate$BeanPostProcessorChecker : Bean 'org.springframework.ws.config.annotation.DelegatingWsConfiguration' of type [org.springframework.ws.config.annotation.DelegatingWsConfiguration$$EnhancerBySpringCGLIB$$241984ae] is not eligible for getting processed by all BeanPostProcessors (for example: not eligible for auto-proxying)
2019-05-08 11:15:58.582  INFO 21895 --- [main] .w.s.a.s.AnnotationActionEndpointMapping : Supporting [WS-Addressing August 2004, WS-Addressing 1.0]
2019-05-08 11:15:58.605  INFO 21895 --- [main] trationDelegate$BeanPostProcessorChecker : Bean 'org.springframework.transaction.annotation.ProxyTransactionManagementConfiguration' of type [org.springframework.transaction.annotation.ProxyTransactionManagementConfiguration$$EnhancerBySpringCGLIB$$7f81bfaf] is not eligible for getting processed by all BeanPostProcessors (for example: not eligible for auto-proxying)
2019-05-08 11:15:58.644  INFO 21895 --- [main] trationDelegate$BeanPostProcessorChecker : Bean 'org.springframework.hateoas.config.HateoasConfiguration' of type [org.springframework.hateoas.config.HateoasConfiguration$$EnhancerBySpringCGLIB$$ff020ce1] is not eligible for getting processed by all BeanPostProcessors (for example: not eligible for auto-proxying)
2019-05-08 11:16:00.632  INFO 21895 --- [main] o.s.s.web.DefaultSecurityFilterChain     : Creating filter chain: Ant [pattern='/resources/**'], []
2019-05-08 11:16:00.633  INFO 21895 --- [main] o.s.s.web.DefaultSecurityFilterChain     : Creating filter chain: Ant [pattern='/v2/api-docs'], []
2019-05-08 11:16:00.633  INFO 21895 --- [main] o.s.s.web.DefaultSecurityFilterChain     : Creating filter chain: Ant [pattern='/configuration/ui'], []
2019-05-08 11:16:00.633  INFO 21895 --- [main] o.s.s.web.DefaultSecurityFilterChain     : Creating filter chain: Ant [pattern='/swagger-resources/**'], []
2019-05-08 11:16:00.633  INFO 21895 --- [main] o.s.s.web.DefaultSecurityFilterChain     : Creating filter chain: Ant [pattern='/configuration/**'], []
2019-05-08 11:16:00.633  INFO 21895 --- [main] o.s.s.web.DefaultSecurityFilterChain     : Creating filter chain: Ant [pattern='/swagger-ui.html'], []
2019-05-08 11:16:00.634  INFO 21895 --- [main] o.s.s.web.DefaultSecurityFilterChain     : Creating filter chain: Ant [pattern='/webjars/**'], []
2019-05-08 11:16:00.711  INFO 21895 --- [main] o.s.s.web.DefaultSecurityFilterChain     : Creating filter chain: any request, [org.springframework.security.web.context.request.async.WebAsyncManagerIntegrationFilter@3bbf1c0d, org.springframework.security.web.context.SecurityContextPersistenceFilter@52354202, org.springframework.security.web.header.HeaderWriterFilter@43d76a92, org.springframework.web.filter.CorsFilter@19662208, org.springframework.security.web.authentication.logout.LogoutFilter@2bec068b, com.gaonsoft.ims.security.jwt.JwtTokenFilter@216c22ce, org.springframework.security.web.savedrequest.RequestCacheAwareFilter@342ee097, org.springframework.security.web.servletapi.SecurityContextHolderAwareRequestFilter@7da1e005, org.springframework.security.web.authentication.AnonymousAuthenticationFilter@62f9c790, org.springframework.security.web.session.SessionManagementFilter@476fde05, org.springframework.security.web.access.ExceptionTranslationFilter@53314f76, org.springframework.security.web.access.intercept.FilterSecurityInterceptor@682e422c]
2019-05-08 11:16:00.877  INFO 21895 --- [main] d.s.w.p.DocumentationPluginsBootstrapper : Context refreshed
2019-05-08 11:16:00.898  INFO 21895 --- [main] d.s.w.p.DocumentationPluginsBootstrapper : Found 1 custom documentation plugin(s)
2019-05-08 11:16:00.919  INFO 21895 --- [main] s.d.s.w.s.ApiListingReferenceScanner     : Scanning for api listing references
2019-05-08 11:16:01.094  INFO 21895 --- [main] com.gaonsoft.ims.DemoApplicationTests    : Started DemoApplicationTests in 4.214 seconds (JVM running for 4.959)
2019-05-08 11:18:00.651  INFO 22163 --- [main] com.gaonsoft.ims.DemoApplicationTests    : Starting DemoApplicationTests on WoonSungui-MacBook-Pro.local with PID 22163 (started by woonsungbaek in /Users/woonsungbaek/git/ims/ims-api)
2019-05-08 11:18:00.652  INFO 22163 --- [main] com.gaonsoft.ims.DemoApplicationTests    : The following profiles are active: dev
2019-05-08 11:18:01.976  INFO 22163 --- [main] trationDelegate$BeanPostProcessorChecker : Bean 'org.springframework.ws.config.annotation.DelegatingWsConfiguration' of type [org.springframework.ws.config.annotation.DelegatingWsConfiguration$$EnhancerBySpringCGLIB$$241984ae] is not eligible for getting processed by all BeanPostProcessors (for example: not eligible for auto-proxying)
2019-05-08 11:18:02.023  INFO 22163 --- [main] .w.s.a.s.AnnotationActionEndpointMapping : Supporting [WS-Addressing August 2004, WS-Addressing 1.0]
2019-05-08 11:18:02.037  INFO 22163 --- [main] trationDelegate$BeanPostProcessorChecker : Bean 'org.springframework.transaction.annotation.ProxyTransactionManagementConfiguration' of type [org.springframework.transaction.annotation.ProxyTransactionManagementConfiguration$$EnhancerBySpringCGLIB$$7f81bfaf] is not eligible for getting processed by all BeanPostProcessors (for example: not eligible for auto-proxying)
2019-05-08 11:18:02.070  INFO 22163 --- [main] trationDelegate$BeanPostProcessorChecker : Bean 'org.springframework.hateoas.config.HateoasConfiguration' of type [org.springframework.hateoas.config.HateoasConfiguration$$EnhancerBySpringCGLIB$$ff020ce1] is not eligible for getting processed by all BeanPostProcessors (for example: not eligible for auto-proxying)
2019-05-08 11:18:04.054  INFO 22163 --- [main] o.s.s.web.DefaultSecurityFilterChain     : Creating filter chain: Ant [pattern='/resources/**'], []
2019-05-08 11:18:04.054  INFO 22163 --- [main] o.s.s.web.DefaultSecurityFilterChain     : Creating filter chain: Ant [pattern='/v2/api-docs'], []
2019-05-08 11:18:04.055  INFO 22163 --- [main] o.s.s.web.DefaultSecurityFilterChain     : Creating filter chain: Ant [pattern='/configuration/ui'], []
2019-05-08 11:18:04.055  INFO 22163 --- [main] o.s.s.web.DefaultSecurityFilterChain     : Creating filter chain: Ant [pattern='/swagger-resources/**'], []
2019-05-08 11:18:04.055  INFO 22163 --- [main] o.s.s.web.DefaultSecurityFilterChain     : Creating filter chain: Ant [pattern='/configuration/**'], []
2019-05-08 11:18:04.055  INFO 22163 --- [main] o.s.s.web.DefaultSecurityFilterChain     : Creating filter chain: Ant [pattern='/swagger-ui.html'], []
2019-05-08 11:18:04.056  INFO 22163 --- [main] o.s.s.web.DefaultSecurityFilterChain     : Creating filter chain: Ant [pattern='/webjars/**'], []
2019-05-08 11:18:04.142  INFO 22163 --- [main] o.s.s.web.DefaultSecurityFilterChain     : Creating filter chain: any request, [org.springframework.security.web.context.request.async.WebAsyncManagerIntegrationFilter@3bbf1c0d, org.springframework.security.web.context.SecurityContextPersistenceFilter@52354202, org.springframework.security.web.header.HeaderWriterFilter@43d76a92, org.springframework.web.filter.CorsFilter@19662208, org.springframework.security.web.authentication.logout.LogoutFilter@2bec068b, com.gaonsoft.ims.security.jwt.JwtTokenFilter@216c22ce, org.springframework.security.web.savedrequest.RequestCacheAwareFilter@342ee097, org.springframework.security.web.servletapi.SecurityContextHolderAwareRequestFilter@7da1e005, org.springframework.security.web.authentication.AnonymousAuthenticationFilter@62f9c790, org.springframework.security.web.session.SessionManagementFilter@476fde05, org.springframework.security.web.access.ExceptionTranslationFilter@53314f76, org.springframework.security.web.access.intercept.FilterSecurityInterceptor@682e422c]
2019-05-08 11:18:04.306  INFO 22163 --- [main] d.s.w.p.DocumentationPluginsBootstrapper : Context refreshed
2019-05-08 11:18:04.327  INFO 22163 --- [main] d.s.w.p.DocumentationPluginsBootstrapper : Found 1 custom documentation plugin(s)
2019-05-08 11:18:04.346  INFO 22163 --- [main] s.d.s.w.s.ApiListingReferenceScanner     : Scanning for api listing references
2019-05-08 11:18:04.523  INFO 22163 --- [main] com.gaonsoft.ims.DemoApplicationTests    : Started DemoApplicationTests in 4.178 seconds (JVM running for 4.888)
2019-05-08 11:34:22.908  INFO 23498 --- [main] com.gaonsoft.ims.DemoApplicationTests    : Starting DemoApplicationTests on WoonSungui-MacBook-Pro.local with PID 23498 (started by woonsungbaek in /Users/woonsungbaek/git/ims/ims-api)
2019-05-08 11:34:22.909  INFO 23498 --- [main] com.gaonsoft.ims.DemoApplicationTests    : The following profiles are active: dev
2019-05-08 11:34:24.726  INFO 23498 --- [main] trationDelegate$BeanPostProcessorChecker : Bean 'org.springframework.ws.config.annotation.DelegatingWsConfiguration' of type [org.springframework.ws.config.annotation.DelegatingWsConfiguration$$EnhancerBySpringCGLIB$$2b982f09] is not eligible for getting processed by all BeanPostProcessors (for example: not eligible for auto-proxying)
2019-05-08 11:34:24.788  INFO 23498 --- [main] .w.s.a.s.AnnotationActionEndpointMapping : Supporting [WS-Addressing August 2004, WS-Addressing 1.0]
2019-05-08 11:34:24.809  INFO 23498 --- [main] trationDelegate$BeanPostProcessorChecker : Bean 'org.springframework.transaction.annotation.ProxyTransactionManagementConfiguration' of type [org.springframework.transaction.annotation.ProxyTransactionManagementConfiguration$$EnhancerBySpringCGLIB$$87006a0a] is not eligible for getting processed by all BeanPostProcessors (for example: not eligible for auto-proxying)
2019-05-08 11:34:24.866  INFO 23498 --- [main] trationDelegate$BeanPostProcessorChecker : Bean 'org.springframework.hateoas.config.HateoasConfiguration' of type [org.springframework.hateoas.config.HateoasConfiguration$$EnhancerBySpringCGLIB$$680b73c] is not eligible for getting processed by all BeanPostProcessors (for example: not eligible for auto-proxying)
2019-05-08 11:34:27.492  INFO 23498 --- [main] o.s.s.web.DefaultSecurityFilterChain     : Creating filter chain: Ant [pattern='/resources/**'], []
2019-05-08 11:34:27.492  INFO 23498 --- [main] o.s.s.web.DefaultSecurityFilterChain     : Creating filter chain: Ant [pattern='/v2/api-docs'], []
2019-05-08 11:34:27.492  INFO 23498 --- [main] o.s.s.web.DefaultSecurityFilterChain     : Creating filter chain: Ant [pattern='/configuration/ui'], []
2019-05-08 11:34:27.492  INFO 23498 --- [main] o.s.s.web.DefaultSecurityFilterChain     : Creating filter chain: Ant [pattern='/swagger-resources/**'], []
2019-05-08 11:34:27.493  INFO 23498 --- [main] o.s.s.web.DefaultSecurityFilterChain     : Creating filter chain: Ant [pattern='/configuration/**'], []
2019-05-08 11:34:27.493  INFO 23498 --- [main] o.s.s.web.DefaultSecurityFilterChain     : Creating filter chain: Ant [pattern='/swagger-ui.html'], []
2019-05-08 11:34:27.493  INFO 23498 --- [main] o.s.s.web.DefaultSecurityFilterChain     : Creating filter chain: Ant [pattern='/webjars/**'], []
2019-05-08 11:34:27.581  INFO 23498 --- [main] o.s.s.web.DefaultSecurityFilterChain     : Creating filter chain: any request, [org.springframework.security.web.context.request.async.WebAsyncManagerIntegrationFilter@656842bc, org.springframework.security.web.context.SecurityContextPersistenceFilter@6b70d1fb, org.springframework.security.web.header.HeaderWriterFilter@740b9a50, org.springframework.web.filter.CorsFilter@6b867ee7, org.springframework.security.web.authentication.logout.LogoutFilter@787988f4, com.gaonsoft.ims.security.jwt.JwtTokenFilter@3dec3f87, org.springframework.security.web.savedrequest.RequestCacheAwareFilter@7da1e005, org.springframework.security.web.servletapi.SecurityContextHolderAwareRequestFilter@79df80a4, org.springframework.security.web.authentication.AnonymousAuthenticationFilter@7a606260, org.springframework.security.web.session.SessionManagementFilter@12192604, org.springframework.security.web.access.ExceptionTranslationFilter@2725ca05, org.springframework.security.web.access.intercept.FilterSecurityInterceptor@5b48f0f4]
2019-05-08 11:34:27.769  INFO 23498 --- [main] d.s.w.p.DocumentationPluginsBootstrapper : Context refreshed
2019-05-08 11:34:27.795  INFO 23498 --- [main] d.s.w.p.DocumentationPluginsBootstrapper : Found 1 custom documentation plugin(s)
2019-05-08 11:34:27.821  INFO 23498 --- [main] s.d.s.w.s.ApiListingReferenceScanner     : Scanning for api listing references
2019-05-08 11:34:28.055  INFO 23498 --- [main] com.gaonsoft.ims.DemoApplicationTests    : Started DemoApplicationTests in 5.549 seconds (JVM running for 6.52)
2019-05-08 11:40:54.573  INFO 24008 --- [main] com.gaonsoft.ims.DemoApplicationTests    : Starting DemoApplicationTests on WoonSungui-MacBook-Pro.local with PID 24008 (started by woonsungbaek in /Users/woonsungbaek/git/ims/ims-api)
2019-05-08 11:40:54.574  INFO 24008 --- [main] com.gaonsoft.ims.DemoApplicationTests    : The following profiles are active: dev
2019-05-08 11:40:56.021  INFO 24008 --- [main] trationDelegate$BeanPostProcessorChecker : Bean 'org.springframework.ws.config.annotation.DelegatingWsConfiguration' of type [org.springframework.ws.config.annotation.DelegatingWsConfiguration$$EnhancerBySpringCGLIB$$dd98ce77] is not eligible for getting processed by all BeanPostProcessors (for example: not eligible for auto-proxying)
2019-05-08 11:40:56.078  INFO 24008 --- [main] .w.s.a.s.AnnotationActionEndpointMapping : Supporting [WS-Addressing August 2004, WS-Addressing 1.0]
2019-05-08 11:40:56.096  INFO 24008 --- [main] trationDelegate$BeanPostProcessorChecker : Bean 'org.springframework.transaction.annotation.ProxyTransactionManagementConfiguration' of type [org.springframework.transaction.annotation.ProxyTransactionManagementConfiguration$$EnhancerBySpringCGLIB$$39010978] is not eligible for getting processed by all BeanPostProcessors (for example: not eligible for auto-proxying)
2019-05-08 11:40:56.147  INFO 24008 --- [main] trationDelegate$BeanPostProcessorChecker : Bean 'org.springframework.hateoas.config.HateoasConfiguration' of type [org.springframework.hateoas.config.HateoasConfiguration$$EnhancerBySpringCGLIB$$b88156aa] is not eligible for getting processed by all BeanPostProcessors (for example: not eligible for auto-proxying)
2019-05-08 11:40:58.421  INFO 24008 --- [main] o.s.s.web.DefaultSecurityFilterChain     : Creating filter chain: Ant [pattern='/resources/**'], []
2019-05-08 11:40:58.421  INFO 24008 --- [main] o.s.s.web.DefaultSecurityFilterChain     : Creating filter chain: Ant [pattern='/v2/api-docs'], []
2019-05-08 11:40:58.422  INFO 24008 --- [main] o.s.s.web.DefaultSecurityFilterChain     : Creating filter chain: Ant [pattern='/configuration/ui'], []
2019-05-08 11:40:58.422  INFO 24008 --- [main] o.s.s.web.DefaultSecurityFilterChain     : Creating filter chain: Ant [pattern='/swagger-resources/**'], []
2019-05-08 11:40:58.422  INFO 24008 --- [main] o.s.s.web.DefaultSecurityFilterChain     : Creating filter chain: Ant [pattern='/configuration/**'], []
2019-05-08 11:40:58.422  INFO 24008 --- [main] o.s.s.web.DefaultSecurityFilterChain     : Creating filter chain: Ant [pattern='/swagger-ui.html'], []
2019-05-08 11:40:58.422  INFO 24008 --- [main] o.s.s.web.DefaultSecurityFilterChain     : Creating filter chain: Ant [pattern='/webjars/**'], []
2019-05-08 11:40:58.515  INFO 24008 --- [main] o.s.s.web.DefaultSecurityFilterChain     : Creating filter chain: any request, [org.springframework.security.web.context.request.async.WebAsyncManagerIntegrationFilter@747f6c5a, org.springframework.security.web.context.SecurityContextPersistenceFilter@486bd064, org.springframework.security.web.header.HeaderWriterFilter@5e905f2c, org.springframework.web.filter.CorsFilter@66e341e9, org.springframework.security.web.authentication.logout.LogoutFilter@79df80a4, com.gaonsoft.ims.security.jwt.JwtTokenFilter@5b48f0f4, org.springframework.security.web.savedrequest.RequestCacheAwareFilter@740b9a50, org.springframework.security.web.servletapi.SecurityContextHolderAwareRequestFilter@6ac45c0c, org.springframework.security.web.authentication.AnonymousAuthenticationFilter@546ed2a0, org.springframework.security.web.session.SessionManagementFilter@350323a0, org.springframework.security.web.access.ExceptionTranslationFilter@64f4f12, org.springframework.security.web.access.intercept.FilterSecurityInterceptor@7a66c35a]
2019-05-08 11:40:58.712  INFO 24008 --- [main] d.s.w.p.DocumentationPluginsBootstrapper : Context refreshed
2019-05-08 11:40:58.733  INFO 24008 --- [main] d.s.w.p.DocumentationPluginsBootstrapper : Found 1 custom documentation plugin(s)
2019-05-08 11:40:58.756  INFO 24008 --- [main] s.d.s.w.s.ApiListingReferenceScanner     : Scanning for api listing references
2019-05-08 11:40:58.950  INFO 24008 --- [main] com.gaonsoft.ims.DemoApplicationTests    : Started DemoApplicationTests in 4.747 seconds (JVM running for 5.547)
2019-05-08 12:00:33.655  INFO 25397 --- [main] com.gaonsoft.ims.DemoApplicationTests    : Starting DemoApplicationTests on WoonSungui-MacBook-Pro.local with PID 25397 (started by woonsungbaek in /Users/woonsungbaek/git/ims/ims-api)
2019-05-08 12:00:33.656  INFO 25397 --- [main] com.gaonsoft.ims.DemoApplicationTests    : The following profiles are active: dev
2019-05-08 12:00:35.197  INFO 25397 --- [main] trationDelegate$BeanPostProcessorChecker : Bean 'org.springframework.ws.config.annotation.DelegatingWsConfiguration' of type [org.springframework.ws.config.annotation.DelegatingWsConfiguration$$EnhancerBySpringCGLIB$$a956bbe1] is not eligible for getting processed by all BeanPostProcessors (for example: not eligible for auto-proxying)
2019-05-08 12:00:35.258  INFO 25397 --- [main] .w.s.a.s.AnnotationActionEndpointMapping : Supporting [WS-Addressing August 2004, WS-Addressing 1.0]
2019-05-08 12:00:35.289  INFO 25397 --- [main] trationDelegate$BeanPostProcessorChecker : Bean 'org.springframework.transaction.annotation.ProxyTransactionManagementConfiguration' of type [org.springframework.transaction.annotation.ProxyTransactionManagementConfiguration$$EnhancerBySpringCGLIB$$4bef6e2] is not eligible for getting processed by all BeanPostProcessors (for example: not eligible for auto-proxying)
2019-05-08 12:00:35.357  INFO 25397 --- [main] trationDelegate$BeanPostProcessorChecker : Bean 'org.springframework.hateoas.config.HateoasConfiguration' of type [org.springframework.hateoas.config.HateoasConfiguration$$EnhancerBySpringCGLIB$$843f4414] is not eligible for getting processed by all BeanPostProcessors (for example: not eligible for auto-proxying)
2019-05-08 12:00:37.730  INFO 25397 --- [main] o.s.s.web.DefaultSecurityFilterChain     : Creating filter chain: Ant [pattern='/resources/**'], []
2019-05-08 12:00:37.730  INFO 25397 --- [main] o.s.s.web.DefaultSecurityFilterChain     : Creating filter chain: Ant [pattern='/v2/api-docs'], []
2019-05-08 12:00:37.730  INFO 25397 --- [main] o.s.s.web.DefaultSecurityFilterChain     : Creating filter chain: Ant [pattern='/configuration/ui'], []
2019-05-08 12:00:37.730  INFO 25397 --- [main] o.s.s.web.DefaultSecurityFilterChain     : Creating filter chain: Ant [pattern='/swagger-resources/**'], []
2019-05-08 12:00:37.731  INFO 25397 --- [main] o.s.s.web.DefaultSecurityFilterChain     : Creating filter chain: Ant [pattern='/configuration/**'], []
2019-05-08 12:00:37.731  INFO 25397 --- [main] o.s.s.web.DefaultSecurityFilterChain     : Creating filter chain: Ant [pattern='/swagger-ui.html'], []
2019-05-08 12:00:37.731  INFO 25397 --- [main] o.s.s.web.DefaultSecurityFilterChain     : Creating filter chain: Ant [pattern='/webjars/**'], []
2019-05-08 12:00:37.872  INFO 25397 --- [main] o.s.s.web.DefaultSecurityFilterChain     : Creating filter chain: any request, [org.springframework.security.web.context.request.async.WebAsyncManagerIntegrationFilter@52f8a6f4, org.springframework.security.web.context.SecurityContextPersistenceFilter@55361f03, org.springframework.security.web.header.HeaderWriterFilter@6d4a82, org.springframework.web.filter.CorsFilter@5012c571, org.springframework.security.web.authentication.logout.LogoutFilter@23bd0c81, com.gaonsoft.ims.security.jwt.JwtTokenFilter@6486fe7b, org.springframework.security.web.savedrequest.RequestCacheAwareFilter@138f0661, org.springframework.security.web.servletapi.SecurityContextHolderAwareRequestFilter@1c5d3a37, org.springframework.security.web.authentication.AnonymousAuthenticationFilter@511da44f, org.springframework.security.web.session.SessionManagementFilter@5a2ae1ab, org.springframework.security.web.access.ExceptionTranslationFilter@6ac45c0c, org.springframework.security.web.access.intercept.FilterSecurityInterceptor@595f9916]
2019-05-08 12:00:38.114  INFO 25397 --- [main] d.s.w.p.DocumentationPluginsBootstrapper : Context refreshed
2019-05-08 12:00:38.140  INFO 25397 --- [main] d.s.w.p.DocumentationPluginsBootstrapper : Found 1 custom documentation plugin(s)
2019-05-08 12:00:38.178  INFO 25397 --- [main] s.d.s.w.s.ApiListingReferenceScanner     : Scanning for api listing references
2019-05-08 12:00:38.393  INFO 25397 --- [main] com.gaonsoft.ims.DemoApplicationTests    : Started DemoApplicationTests in 5.167 seconds (JVM running for 6.026)
